0 info it worked if it ends with ok
1 verbose cli [ '/usr/bin/node',
1 verbose cli   '/usr/bin/npm',
1 verbose cli   'install',
1 verbose cli   'django-datatable-view',
1 verbose cli   '--prefix',
1 verbose cli   'static',
1 verbose cli   '--save' ]
2 info using npm@2.11.3
3 info using node@v0.12.7
4 verbose node symlink /usr/bin/node
5 verbose install initial load of /home/ggarrido/projects/base7test/static/package.json
6 verbose installManyTop reading scoped package data from /home/ggarrido/projects/base7test/static/node_modules/datatables/package.json
7 verbose installManyTop reading scoped package data from /home/ggarrido/projects/base7test/static/node_modules/jquery/package.json
8 info package.json jquery@2.1.4 No license field.
9 verbose readDependencies loading dependencies from /home/ggarrido/projects/base7test/static/package.json
10 silly cache add args [ 'django-datatable-view', null ]
11 verbose cache add spec django-datatable-view
12 silly cache add parsed spec { raw: 'django-datatable-view',
12 silly cache add   scope: null,
12 silly cache add   name: 'django-datatable-view',
12 silly cache add   rawSpec: '',
12 silly cache add   spec: '*',
12 silly cache add   type: 'range' }
13 silly addNamed django-datatable-view@*
14 verbose addNamed "*" is a valid semver range for django-datatable-view
15 silly addNameRange { name: 'django-datatable-view', range: '*', hasData: false }
16 silly mapToRegistry name django-datatable-view
17 silly mapToRegistry using default registry
18 silly mapToRegistry registry https://registry.npmjs.org/
19 silly mapToRegistry uri https://registry.npmjs.org/django-datatable-view
20 verbose addNameRange registry:https://registry.npmjs.org/django-datatable-view not in flight; fetching
21 verbose request uri https://registry.npmjs.org/django-datatable-view
22 verbose request no auth needed
23 info attempt registry request try #1 at 17:58:57
24 verbose request id a29838b7fe148479
25 http request GET https://registry.npmjs.org/django-datatable-view
26 http 404 https://registry.npmjs.org/django-datatable-view
27 verbose headers { 'content-type': 'application/json',
27 verbose headers   'cache-control': 'max-age=0',
27 verbose headers   'content-length': '2',
27 verbose headers   'accept-ranges': 'bytes',
27 verbose headers   date: 'Sun, 01 Nov 2015 16:58:59 GMT',
27 verbose headers   via: '1.1 varnish',
27 verbose headers   age: '0',
27 verbose headers   connection: 'keep-alive',
27 verbose headers   'x-served-by': 'cache-ams4136-AMS',
27 verbose headers   'x-cache': 'MISS',
27 verbose headers   'x-cache-hits': '0',
27 verbose headers   'x-timer': 'S1446397139.730860,VS0,VE103' }
28 silly get cb [ 404,
28 silly get   { 'content-type': 'application/json',
28 silly get     'cache-control': 'max-age=0',
28 silly get     'content-length': '2',
28 silly get     'accept-ranges': 'bytes',
28 silly get     date: 'Sun, 01 Nov 2015 16:58:59 GMT',
28 silly get     via: '1.1 varnish',
28 silly get     age: '0',
28 silly get     connection: 'keep-alive',
28 silly get     'x-served-by': 'cache-ams4136-AMS',
28 silly get     'x-cache': 'MISS',
28 silly get     'x-cache-hits': '0',
28 silly get     'x-timer': 'S1446397139.730860,VS0,VE103' } ]
29 verbose stack Error: Registry returned 404 for GET on https://registry.npmjs.org/django-datatable-view
29 verbose stack     at CachingRegistryClient.<anonymous> (/usr/lib/node_modules/npm/node_modules/npm-registry-client/lib/request.js:239:14)
29 verbose stack     at Request._callback (/usr/lib/node_modules/npm/node_modules/npm-registry-client/lib/request.js:170:14)
29 verbose stack     at Request.self.callback (/usr/lib/node_modules/npm/node_modules/request/request.js:354:22)
29 verbose stack     at Request.emit (events.js:110:17)
29 verbose stack     at Request.<anonymous> (/usr/lib/node_modules/npm/node_modules/request/request.js:1207:14)
29 verbose stack     at Request.emit (events.js:129:20)
29 verbose stack     at IncomingMessage.<anonymous> (/usr/lib/node_modules/npm/node_modules/request/request.js:1153:12)
29 verbose stack     at IncomingMessage.emit (events.js:129:20)
29 verbose stack     at _stream_readable.js:908:16
29 verbose stack     at process._tickCallback (node.js:355:11)
30 verbose statusCode 404
31 verbose pkgid django-datatable-view
32 verbose cwd /home/ggarrido/projects/base7test
33 error Linux 3.13.0-66-generic
34 error argv "/usr/bin/node" "/usr/bin/npm" "install" "django-datatable-view" "--prefix" "static" "--save"
35 error node v0.12.7
36 error npm  v2.11.3
37 error code E404
38 error 404 Registry returned 404 for GET on https://registry.npmjs.org/django-datatable-view
38 error 404
38 error 404 'django-datatable-view' is not in the npm registry.
38 error 404 You should bug the author to publish it (or use the name yourself!)
38 error 404
38 error 404 Note that you can also install from a
38 error 404 tarball, folder, http url, or git url.
39 verbose exit [ 1, true ]
